::1 - - [22/Aug/2017:00:10:00 +0530] "GET / HTTP/1.1" 403 501 "-" "Mozilla/5.0 (X11; Linux x86_64) AppleWebKit/537.36 (KHTML, like Gecko) Ubuntu Chromium/60.0.3112.78 Chrome/60.0.3112.78 Safari/537.36"
::1 - - [22/Aug/2017:00:10:00 +0530] "GET /favicon.ico HTTP/1.1" 403 511 "http://localhost/" "Mozilla/5.0 (X11; Linux x86_64) AppleWebKit/537.36 (KHTML, like Gecko) Ubuntu Chromium/60.0.3112.78 Chrome/60.0.3112.78 Safari/537.36"
::1 - - [22/Aug/2017:00:11:28 +0530] "GET / HTTP/1.1" 403 501 "-" "Mozilla/5.0 (X11; Linux x86_64) AppleWebKit/537.36 (KHTML, like Gecko) Ubuntu Chromium/60.0.3112.78 Chrome/60.0.3112.78 Safari/537.36"
::1 - - [22/Aug/2017:00:11:28 +0530] "GET /favicon.ico HTTP/1.1" 403 511 "http://localhost/" "Mozilla/5.0 (X11; Linux x86_64) AppleWebKit/537.36 (KHTML, like Gecko) Ubuntu Chromium/60.0.3112.78 Chrome/60.0.3112.78 Safari/537.36"
::1 - - [22/Aug/2017:00:12:44 +0530] "GET / HTTP/1.1" 403 501 "-" "Mozilla/5.0 (X11; Linux x86_64) AppleWebKit/537.36 (KHTML, like Gecko) Ubuntu Chromium/60.0.3112.78 Chrome/60.0.3112.78 Safari/537.36"
::1 - - [22/Aug/2017:00:12:44 +0530] "GET /favicon.ico HTTP/1.1" 403 511 "http://localhost/" "Mozilla/5.0 (X11; Linux x86_64) AppleWebKit/537.36 (KHTML, like Gecko) Ubuntu Chromium/60.0.3112.78 Chrome/60.0.3112.78 Safari/537.36"
::1 - - [22/Aug/2017:00:15:03 +0530] "GET / HTTP/1.1" 403 501 "-" "Mozilla/5.0 (X11; Linux x86_64) AppleWebKit/537.36 (KHTML, like Gecko) Ubuntu Chromium/60.0.3112.78 Chrome/60.0.3112.78 Safari/537.36"
::1 - - [22/Aug/2017:00:15:03 +0530] "GET /favicon.ico HTTP/1.1" 403 511 "http://localhost/" "Mozilla/5.0 (X11; Linux x86_64) AppleWebKit/537.36 (KHTML, like Gecko) Ubuntu Chromium/60.0.3112.78 Chrome/60.0.3112.78 Safari/537.36"
::1 - - [22/Aug/2017:00:15:06 +0530] "GET / HTTP/1.1" 403 500 "-" "Mozilla/5.0 (X11; Linux x86_64) AppleWebKit/537.36 (KHTML, like Gecko) Ubuntu Chromium/60.0.3112.78 Chrome/60.0.3112.78 Safari/537.36"
::1 - - [22/Aug/2017:00:15:06 +0530] "GET /favicon.ico HTTP/1.1" 403 511 "http://localhost/" "Mozilla/5.0 (X11; Linux x86_64) AppleWebKit/537.36 (KHTML, like Gecko) Ubuntu Chromium/60.0.3112.78 Chrome/60.0.3112.78 Safari/537.36"
::1 - - [22/Aug/2017:00:15:12 +0530] "GET / HTTP/1.1" 403 501 "-" "Mozilla/5.0 (X11; Linux x86_64) AppleWebKit/537.36 (KHTML, like Gecko) Ubuntu Chromium/60.0.3112.78 Chrome/60.0.3112.78 Safari/537.36"
::1 - - [22/Aug/2017:00:15:12 +0530] "GET /favicon.ico HTTP/1.1" 403 511 "http://localhost/" "Mozilla/5.0 (X11; Linux x86_64) AppleWebKit/537.36 (KHTML, like Gecko) Ubuntu Chromium/60.0.3112.78 Chrome/60.0.3112.78 Safari/537.36"
::1 - - [22/Aug/2017:00:16:22 +0530] "GET / HTTP/1.1" 403 501 "-" "Mozilla/5.0 (X11; Linux x86_64) AppleWebKit/537.36 (KHTML, like Gecko) Ubuntu Chromium/60.0.3112.78 Chrome/60.0.3112.78 Safari/537.36"
::1 - - [22/Aug/2017:00:16:23 +0530] "GET /favicon.ico HTTP/1.1" 403 511 "http://localhost/" "Mozilla/5.0 (X11; Linux x86_64) AppleWebKit/537.36 (KHTML, like Gecko) Ubuntu Chromium/60.0.3112.78 Chrome/60.0.3112.78 Safari/537.36"
::1 - - [22/Aug/2017:00:16:23 +0530] "GET / HTTP/1.1" 403 500 "-" "Mozilla/5.0 (X11; Linux x86_64) AppleWebKit/537.36 (KHTML, like Gecko) Ubuntu Chromium/60.0.3112.78 Chrome/60.0.3112.78 Safari/537.36"
::1 - - [22/Aug/2017:00:16:24 +0530] "GET /favicon.ico HTTP/1.1" 403 511 "http://localhost/" "Mozilla/5.0 (X11; Linux x86_64) AppleWebKit/537.36 (KHTML, like Gecko) Ubuntu Chromium/60.0.3112.78 Chrome/60.0.3112.78 Safari/537.36"
::1 - - [22/Aug/2017:00:17:55 +0530] "GET / HTTP/1.1" 403 501 "-" "Mozilla/5.0 (X11; Linux x86_64) AppleWebKit/537.36 (KHTML, like Gecko) Ubuntu Chromium/60.0.3112.78 Chrome/60.0.3112.78 Safari/537.36"
::1 - - [22/Aug/2017:00:17:55 +0530] "GET /favicon.ico HTTP/1.1" 403 511 "http://localhost/" "Mozilla/5.0 (X11; Linux x86_64) AppleWebKit/537.36 (KHTML, like Gecko) Ubuntu Chromium/60.0.3112.78 Chrome/60.0.3112.78 Safari/537.36"
::1 - - [22/Aug/2017:00:26:12 +0530] "GET / HTTP/1.1" 200 779 "-" "Mozilla/5.0 (X11; Linux x86_64) AppleWebKit/537.36 (KHTML, like Gecko) Ubuntu Chromium/60.0.3112.78 Chrome/60.0.3112.78 Safari/537.36"
::1 - - [22/Aug/2017:00:26:12 +0530] "GET /icons/blank.gif HTTP/1.1" 200 431 "http://localhost/" "Mozilla/5.0 (X11; Linux x86_64) AppleWebKit/537.36 (KHTML, like Gecko) Ubuntu Chromium/60.0.3112.78 Chrome/60.0.3112.78 Safari/537.36"
::1 - - [22/Aug/2017:00:26:12 +0530] "GET /icons/text.gif HTTP/1.1" 200 512 "http://localhost/" "Mozilla/5.0 (X11; Linux x86_64) AppleWebKit/537.36 (KHTML, like Gecko) Ubuntu Chromium/60.0.3112.78 Chrome/60.0.3112.78 Safari/537.36"
::1 - - [22/Aug/2017:00:26:12 +0530] "GET /icons/folder.gif HTTP/1.1" 200 508 "http://localhost/" "Mozilla/5.0 (X11; Linux x86_64) AppleWebKit/537.36 (KHTML, like Gecko) Ubuntu Chromium/60.0.3112.78 Chrome/60.0.3112.78 Safari/537.36"
::1 - - [22/Aug/2017:00:26:12 +0530] "GET /favicon.ico HTTP/1.1" 404 500 "http://localhost/" "Mozilla/5.0 (X11; Linux x86_64) AppleWebKit/537.36 (KHTML, like Gecko) Ubuntu Chromium/60.0.3112.78 Chrome/60.0.3112.78 Safari/537.36"
::1 - - [22/Aug/2017:00:26:20 +0530] "GET / HTTP/1.1" 200 779 "-" "Mozilla/5.0 (X11; Linux x86_64) AppleWebKit/537.36 (KHTML, like Gecko) Ubuntu Chromium/60.0.3112.78 Chrome/60.0.3112.78 Safari/537.36"
::1 - - [22/Aug/2017:00:26:20 +0530] "GET / HTTP/1.1" 200 778 "-" "Mozilla/5.0 (X11; Linux x86_64) AppleWebKit/537.36 (KHTML, like Gecko) Ubuntu Chromium/60.0.3112.78 Chrome/60.0.3112.78 Safari/537.36"
::1 - - [22/Aug/2017:00:26:21 +0530] "GET / HTTP/1.1" 200 778 "-" "Mozilla/5.0 (X11; Linux x86_64) AppleWebKit/537.36 (KHTML, like Gecko) Ubuntu Chromium/60.0.3112.78 Chrome/60.0.3112.78 Safari/537.36"
::1 - - [22/Aug/2017:00:26:21 +0530] "GET / HTTP/1.1" 200 778 "-" "Mozilla/5.0 (X11; Linux x86_64) AppleWebKit/537.36 (KHTML, like Gecko) Ubuntu Chromium/60.0.3112.78 Chrome/60.0.3112.78 Safari/537.36"
::1 - - [22/Aug/2017:00:26:21 +0530] "GET / HTTP/1.1" 200 778 "-" "Mozilla/5.0 (X11; Linux x86_64) AppleWebKit/537.36 (KHTML, like Gecko) Ubuntu Chromium/60.0.3112.78 Chrome/60.0.3112.78 Safari/537.36"
::1 - - [22/Aug/2017:00:26:21 +0530] "GET / HTTP/1.1" 200 778 "-" "Mozilla/5.0 (X11; Linux x86_64) AppleWebKit/537.36 (KHTML, like Gecko) Ubuntu Chromium/60.0.3112.78 Chrome/60.0.3112.78 Safari/537.36"
::1 - - [22/Aug/2017:00:26:30 +0530] "GET /wsgi.py HTTP/1.1" 200 677 "http://localhost/" "Mozilla/5.0 (X11; Linux x86_64) AppleWebKit/537.36 (KHTML, like Gecko) Ubuntu Chromium/60.0.3112.78 Chrome/60.0.3112.78 Safari/537.36"
::1 - - [22/Aug/2017:00:26:32 +0530] "GET /settings.py HTTP/1.1" 200 3200 "http://localhost/" "Mozilla/5.0 (X11; Linux x86_64) AppleWebKit/537.36 (KHTML, like Gecko) Ubuntu Chromium/60.0.3112.78 Chrome/60.0.3112.78 Safari/537.36"
::1 - - [22/Aug/2017:00:26:36 +0530] "GET /urls.py HTTP/1.1" 200 614 "http://localhost/" "Mozilla/5.0 (X11; Linux x86_64) AppleWebKit/537.36 (KHTML, like Gecko) Ubuntu Chromium/60.0.3112.78 Chrome/60.0.3112.78 Safari/537.36"
::1 - - [22/Aug/2017:00:26:38 +0530] "GET /views.py HTTP/1.1" 200 378 "http://localhost/" "Mozilla/5.0 (X11; Linux x86_64) AppleWebKit/537.36 (KHTML, like Gecko) Ubuntu Chromium/60.0.3112.78 Chrome/60.0.3112.78 Safari/537.36"
::1 - - [22/Aug/2017:00:26:41 +0530] "GET /__init__.py HTTP/1.1" 200 284 "http://localhost/" "Mozilla/5.0 (X11; Linux x86_64) AppleWebKit/537.36 (KHTML, like Gecko) Ubuntu Chromium/60.0.3112.78 Chrome/60.0.3112.78 Safari/537.36"
::1 - - [22/Aug/2017:00:26:44 +0530] "GET /?C=S;O=A HTTP/1.1" 200 775 "http://localhost/" "Mozilla/5.0 (X11; Linux x86_64) AppleWebKit/537.36 (KHTML, like Gecko) Ubuntu Chromium/60.0.3112.78 Chrome/60.0.3112.78 Safari/537.36"
::1 - - [22/Aug/2017:00:26:45 +0530] "GET /?C=M;O=A HTTP/1.1" 200 776 "http://localhost/?C=S;O=A" "Mozilla/5.0 (X11; Linux x86_64) AppleWebKit/537.36 (KHTML, like Gecko) Ubuntu Chromium/60.0.3112.78 Chrome/60.0.3112.78 Safari/537.36"
::1 - - [22/Aug/2017:00:26:45 +0530] "GET /?C=N;O=A HTTP/1.1" 200 778 "http://localhost/?C=M;O=A" "Mozilla/5.0 (X11; Linux x86_64) AppleWebKit/537.36 (KHTML, like Gecko) Ubuntu Chromium/60.0.3112.78 Chrome/60.0.3112.78 Safari/537.36"
::1 - - [22/Aug/2017:00:27:58 +0530] "GET /?C=N;O=A HTTP/1.1" 200 779 "http://localhost/?C=M;O=A" "Mozilla/5.0 (X11; Linux x86_64) AppleWebKit/537.36 (KHTML, like Gecko) Ubuntu Chromium/60.0.3112.78 Chrome/60.0.3112.78 Safari/537.36"
::1 - - [22/Aug/2017:00:27:59 +0530] "GET /?C=N;O=A HTTP/1.1" 200 778 "http://localhost/?C=M;O=A" "Mozilla/5.0 (X11; Linux x86_64) AppleWebKit/537.36 (KHTML, like Gecko) Ubuntu Chromium/60.0.3112.78 Chrome/60.0.3112.78 Safari/537.36"
::1 - - [22/Aug/2017:00:28:00 +0530] "GET /?C=N;O=A HTTP/1.1" 200 778 "http://localhost/?C=M;O=A" "Mozilla/5.0 (X11; Linux x86_64) AppleWebKit/537.36 (KHTML, like Gecko) Ubuntu Chromium/60.0.3112.78 Chrome/60.0.3112.78 Safari/537.36"
::1 - - [22/Aug/2017:00:28:00 +0530] "GET /?C=N;O=A HTTP/1.1" 200 778 "http://localhost/?C=M;O=A" "Mozilla/5.0 (X11; Linux x86_64) AppleWebKit/537.36 (KHTML, like Gecko) Ubuntu Chromium/60.0.3112.78 Chrome/60.0.3112.78 Safari/537.36"
::1 - - [22/Aug/2017:00:28:00 +0530] "GET /?C=N;O=A HTTP/1.1" 200 778 "http://localhost/?C=M;O=A" "Mozilla/5.0 (X11; Linux x86_64) AppleWebKit/537.36 (KHTML, like Gecko) Ubuntu Chromium/60.0.3112.78 Chrome/60.0.3112.78 Safari/537.36"
::1 - - [22/Aug/2017:00:28:00 +0530] "GET /?C=N;O=A HTTP/1.1" 200 778 "http://localhost/?C=M;O=A" "Mozilla/5.0 (X11; Linux x86_64) AppleWebKit/537.36 (KHTML, like Gecko) Ubuntu Chromium/60.0.3112.78 Chrome/60.0.3112.78 Safari/537.36"
::1 - - [22/Aug/2017:00:28:02 +0530] "GET / HTTP/1.1" 200 778 "-" "Mozilla/5.0 (X11; Linux x86_64) AppleWebKit/537.36 (KHTML, like Gecko) Ubuntu Chromium/60.0.3112.78 Chrome/60.0.3112.78 Safari/537.36"
::1 - - [22/Aug/2017:00:28:12 +0530] "GET / HTTP/1.1" 403 501 "-" "Mozilla/5.0 (X11; Linux x86_64) AppleWebKit/537.36 (KHTML, like Gecko) Ubuntu Chromium/60.0.3112.78 Chrome/60.0.3112.78 Safari/537.36"
::1 - - [22/Aug/2017:00:28:14 +0530] "GET / HTTP/1.1" 403 500 "-" "Mozilla/5.0 (X11; Linux x86_64) AppleWebKit/537.36 (KHTML, like Gecko) Ubuntu Chromium/60.0.3112.78 Chrome/60.0.3112.78 Safari/537.36"
::1 - - [22/Aug/2017:00:28:14 +0530] "GET / HTTP/1.1" 403 500 "-" "Mozilla/5.0 (X11; Linux x86_64) AppleWebKit/537.36 (KHTML, like Gecko) Ubuntu Chromium/60.0.3112.78 Chrome/60.0.3112.78 Safari/537.36"
::1 - - [22/Aug/2017:00:28:15 +0530] "GET / HTTP/1.1" 403 500 "-" "Mozilla/5.0 (X11; Linux x86_64) AppleWebKit/537.36 (KHTML, like Gecko) Ubuntu Chromium/60.0.3112.78 Chrome/60.0.3112.78 Safari/537.36"
::1 - - [22/Aug/2017:00:28:15 +0530] "GET / HTTP/1.1" 403 500 "-" "Mozilla/5.0 (X11; Linux x86_64) AppleWebKit/537.36 (KHTML, like Gecko) Ubuntu Chromium/60.0.3112.78 Chrome/60.0.3112.78 Safari/537.36"
::1 - - [22/Aug/2017:00:30:41 +0530] "GET / HTTP/1.1" 403 501 "-" "Mozilla/5.0 (X11; Linux x86_64) AppleWebKit/537.36 (KHTML, like Gecko) Ubuntu Chromium/60.0.3112.78 Chrome/60.0.3112.78 Safari/537.36"
::1 - - [22/Aug/2017:00:30:42 +0530] "GET / HTTP/1.1" 403 500 "-" "Mozilla/5.0 (X11; Linux x86_64) AppleWebKit/537.36 (KHTML, like Gecko) Ubuntu Chromium/60.0.3112.78 Chrome/60.0.3112.78 Safari/537.36"
::1 - - [22/Aug/2017:00:30:42 +0530] "GET / HTTP/1.1" 403 500 "-" "Mozilla/5.0 (X11; Linux x86_64) AppleWebKit/537.36 (KHTML, like Gecko) Ubuntu Chromium/60.0.3112.78 Chrome/60.0.3112.78 Safari/537.36"
::1 - - [22/Aug/2017:00:30:42 +0530] "GET / HTTP/1.1" 403 500 "-" "Mozilla/5.0 (X11; Linux x86_64) AppleWebKit/537.36 (KHTML, like Gecko) Ubuntu Chromium/60.0.3112.78 Chrome/60.0.3112.78 Safari/537.36"
::1 - - [22/Aug/2017:00:30:42 +0530] "GET / HTTP/1.1" 403 500 "-" "Mozilla/5.0 (X11; Linux x86_64) AppleWebKit/537.36 (KHTML, like Gecko) Ubuntu Chromium/60.0.3112.78 Chrome/60.0.3112.78 Safari/537.36"
::1 - - [22/Aug/2017:00:30:43 +0530] "GET / HTTP/1.1" 403 500 "-" "Mozilla/5.0 (X11; Linux x86_64) AppleWebKit/537.36 (KHTML, like Gecko) Ubuntu Chromium/60.0.3112.78 Chrome/60.0.3112.78 Safari/537.36"
::1 - - [22/Aug/2017:00:30:43 +0530] "GET / HTTP/1.1" 403 500 "-" "Mozilla/5.0 (X11; Linux x86_64) AppleWebKit/537.36 (KHTML, like Gecko) Ubuntu Chromium/60.0.3112.78 Chrome/60.0.3112.78 Safari/537.36"
::1 - - [22/Aug/2017:00:30:43 +0530] "GET / HTTP/1.1" 403 500 "-" "Mozilla/5.0 (X11; Linux x86_64) AppleWebKit/537.36 (KHTML, like Gecko) Ubuntu Chromium/60.0.3112.78 Chrome/60.0.3112.78 Safari/537.36"
::1 - - [22/Aug/2017:00:32:23 +0530] "GET / HTTP/1.1" 403 501 "-" "Mozilla/5.0 (X11; Linux x86_64) AppleWebKit/537.36 (KHTML, like Gecko) Ubuntu Chromium/60.0.3112.78 Chrome/60.0.3112.78 Safari/537.36"
::1 - - [22/Aug/2017:00:32:24 +0530] "GET / HTTP/1.1" 403 500 "-" "Mozilla/5.0 (X11; Linux x86_64) AppleWebKit/537.36 (KHTML, like Gecko) Ubuntu Chromium/60.0.3112.78 Chrome/60.0.3112.78 Safari/537.36"
::1 - - [22/Aug/2017:00:32:24 +0530] "GET / HTTP/1.1" 403 500 "-" "Mozilla/5.0 (X11; Linux x86_64) AppleWebKit/537.36 (KHTML, like Gecko) Ubuntu Chromium/60.0.3112.78 Chrome/60.0.3112.78 Safari/537.36"
::1 - - [22/Aug/2017:00:32:24 +0530] "GET / HTTP/1.1" 403 500 "-" "Mozilla/5.0 (X11; Linux x86_64) AppleWebKit/537.36 (KHTML, like Gecko) Ubuntu Chromium/60.0.3112.78 Chrome/60.0.3112.78 Safari/537.36"
::1 - - [22/Aug/2017:00:32:25 +0530] "GET / HTTP/1.1" 403 500 "-" "Mozilla/5.0 (X11; Linux x86_64) AppleWebKit/537.36 (KHTML, like Gecko) Ubuntu Chromium/60.0.3112.78 Chrome/60.0.3112.78 Safari/537.36"
::1 - - [22/Aug/2017:00:32:25 +0530] "GET / HTTP/1.1" 403 500 "-" "Mozilla/5.0 (X11; Linux x86_64) AppleWebKit/537.36 (KHTML, like Gecko) Ubuntu Chromium/60.0.3112.78 Chrome/60.0.3112.78 Safari/537.36"
::1 - - [22/Aug/2017:00:32:25 +0530] "GET / HTTP/1.1" 403 500 "-" "Mozilla/5.0 (X11; Linux x86_64) AppleWebKit/537.36 (KHTML, like Gecko) Ubuntu Chromium/60.0.3112.78 Chrome/60.0.3112.78 Safari/537.36"
::1 - - [22/Aug/2017:00:37:55 +0530] "-" 408 0 "-" "-"
::1 - - [22/Aug/2017:00:39:03 +0530] "GET / HTTP/1.1" 403 501 "-" "Mozilla/5.0 (X11; Linux x86_64) AppleWebKit/537.36 (KHTML, like Gecko) Ubuntu Chromium/60.0.3112.78 Chrome/60.0.3112.78 Safari/537.36"
::1 - - [22/Aug/2017:00:39:03 +0530] "GET / HTTP/1.1" 403 500 "-" "Mozilla/5.0 (X11; Linux x86_64) AppleWebKit/537.36 (KHTML, like Gecko) Ubuntu Chromium/60.0.3112.78 Chrome/60.0.3112.78 Safari/537.36"
::1 - - [22/Aug/2017:00:39:03 +0530] "GET / HTTP/1.1" 403 500 "-" "Mozilla/5.0 (X11; Linux x86_64) AppleWebKit/537.36 (KHTML, like Gecko) Ubuntu Chromium/60.0.3112.78 Chrome/60.0.3112.78 Safari/537.36"
::1 - - [22/Aug/2017:00:39:04 +0530] "GET / HTTP/1.1" 403 500 "-" "Mozilla/5.0 (X11; Linux x86_64) AppleWebKit/537.36 (KHTML, like Gecko) Ubuntu Chromium/60.0.3112.78 Chrome/60.0.3112.78 Safari/537.36"
::1 - - [22/Aug/2017:00:39:04 +0530] "GET / HTTP/1.1" 403 500 "-" "Mozilla/5.0 (X11; Linux x86_64) AppleWebKit/537.36 (KHTML, like Gecko) Ubuntu Chromium/60.0.3112.78 Chrome/60.0.3112.78 Safari/537.36"
::1 - - [22/Aug/2017:00:39:04 +0530] "GET / HTTP/1.1" 403 500 "-" "Mozilla/5.0 (X11; Linux x86_64) AppleWebKit/537.36 (KHTML, like Gecko) Ubuntu Chromium/60.0.3112.78 Chrome/60.0.3112.78 Safari/537.36"
::1 - - [22/Aug/2017:00:39:04 +0530] "GET / HTTP/1.1" 403 500 "-" "Mozilla/5.0 (X11; Linux x86_64) AppleWebKit/537.36 (KHTML, like Gecko) Ubuntu Chromium/60.0.3112.78 Chrome/60.0.3112.78 Safari/537.36"
::1 - - [22/Aug/2017:00:39:04 +0530] "GET / HTTP/1.1" 403 500 "-" "Mozilla/5.0 (X11; Linux x86_64) AppleWebKit/537.36 (KHTML, like Gecko) Ubuntu Chromium/60.0.3112.78 Chrome/60.0.3112.78 Safari/537.36"
::1 - - [22/Aug/2017:00:41:16 +0530] "GET / HTTP/1.1" 403 501 "-" "Mozilla/5.0 (X11; Linux x86_64) AppleWebKit/537.36 (KHTML, like Gecko) Ubuntu Chromium/60.0.3112.78 Chrome/60.0.3112.78 Safari/537.36"
::1 - - [22/Aug/2017:00:41:16 +0530] "GET / HTTP/1.1" 403 500 "-" "Mozilla/5.0 (X11; Linux x86_64) AppleWebKit/537.36 (KHTML, like Gecko) Ubuntu Chromium/60.0.3112.78 Chrome/60.0.3112.78 Safari/537.36"
::1 - - [22/Aug/2017:00:41:16 +0530] "GET / HTTP/1.1" 403 500 "-" "Mozilla/5.0 (X11; Linux x86_64) AppleWebKit/537.36 (KHTML, like Gecko) Ubuntu Chromium/60.0.3112.78 Chrome/60.0.3112.78 Safari/537.36"
::1 - - [22/Aug/2017:00:41:17 +0530] "GET / HTTP/1.1" 403 500 "-" "Mozilla/5.0 (X11; Linux x86_64) AppleWebKit/537.36 (KHTML, like Gecko) Ubuntu Chromium/60.0.3112.78 Chrome/60.0.3112.78 Safari/537.36"
::1 - - [22/Aug/2017:00:41:17 +0530] "GET / HTTP/1.1" 403 500 "-" "Mozilla/5.0 (X11; Linux x86_64) AppleWebKit/537.36 (KHTML, like Gecko) Ubuntu Chromium/60.0.3112.78 Chrome/60.0.3112.78 Safari/537.36"
::1 - - [22/Aug/2017:00:43:11 +0530] "GET / HTTP/1.1" 403 501 "-" "Mozilla/5.0 (X11; Linux x86_64) AppleWebKit/537.36 (KHTML, like Gecko) Ubuntu Chromium/60.0.3112.78 Chrome/60.0.3112.78 Safari/537.36"
::1 - - [22/Aug/2017:00:43:12 +0530] "GET / HTTP/1.1" 403 500 "-" "Mozilla/5.0 (X11; Linux x86_64) AppleWebKit/537.36 (KHTML, like Gecko) Ubuntu Chromium/60.0.3112.78 Chrome/60.0.3112.78 Safari/537.36"
::1 - - [22/Aug/2017:00:43:12 +0530] "GET / HTTP/1.1" 403 500 "-" "Mozilla/5.0 (X11; Linux x86_64) AppleWebKit/537.36 (KHTML, like Gecko) Ubuntu Chromium/60.0.3112.78 Chrome/60.0.3112.78 Safari/537.36"
::1 - - [22/Aug/2017:00:43:13 +0530] "GET / HTTP/1.1" 403 500 "-" "Mozilla/5.0 (X11; Linux x86_64) AppleWebKit/537.36 (KHTML, like Gecko) Ubuntu Chromium/60.0.3112.78 Chrome/60.0.3112.78 Safari/537.36"
::1 - - [22/Aug/2017:00:43:13 +0530] "GET / HTTP/1.1" 403 500 "-" "Mozilla/5.0 (X11; Linux x86_64) AppleWebKit/537.36 (KHTML, like Gecko) Ubuntu Chromium/60.0.3112.78 Chrome/60.0.3112.78 Safari/537.36"
::1 - - [22/Aug/2017:00:43:13 +0530] "GET / HTTP/1.1" 403 500 "-" "Mozilla/5.0 (X11; Linux x86_64) AppleWebKit/537.36 (KHTML, like Gecko) Ubuntu Chromium/60.0.3112.78 Chrome/60.0.3112.78 Safari/537.36"
::1 - - [22/Aug/2017:00:43:13 +0530] "GET / HTTP/1.1" 403 500 "-" "Mozilla/5.0 (X11; Linux x86_64) AppleWebKit/537.36 (KHTML, like Gecko) Ubuntu Chromium/60.0.3112.78 Chrome/60.0.3112.78 Safari/537.36"
::1 - - [22/Aug/2017:00:43:13 +0530] "GET / HTTP/1.1" 403 500 "-" "Mozilla/5.0 (X11; Linux x86_64) AppleWebKit/537.36 (KHTML, like Gecko) Ubuntu Chromium/60.0.3112.78 Chrome/60.0.3112.78 Safari/537.36"
::1 - - [22/Aug/2017:00:44:45 +0530] "GET / HTTP/1.1" 500 797 "-" "Mozilla/5.0 (X11; Linux x86_64) AppleWebKit/537.36 (KHTML, like Gecko) Ubuntu Chromium/60.0.3112.78 Chrome/60.0.3112.78 Safari/537.36"
::1 - - [22/Aug/2017:00:45:05 +0530] "GET / HTTP/1.1" 500 797 "-" "Mozilla/5.0 (X11; Linux x86_64) AppleWebKit/537.36 (KHTML, like Gecko) Ubuntu Chromium/60.0.3112.78 Chrome/60.0.3112.78 Safari/537.36"
::1 - - [22/Aug/2017:00:47:32 +0530] "GET / HTTP/1.1" 500 797 "-" "Mozilla/5.0 (X11; Linux x86_64) AppleWebKit/537.36 (KHTML, like Gecko) Ubuntu Chromium/60.0.3112.78 Chrome/60.0.3112.78 Safari/537.36"
::1 - - [22/Aug/2017:00:47:33 +0530] "GET / HTTP/1.1" 500 797 "-" "Mozilla/5.0 (X11; Linux x86_64) AppleWebKit/537.36 (KHTML, like Gecko) Ubuntu Chromium/60.0.3112.78 Chrome/60.0.3112.78 Safari/537.36"
::1 - - [22/Aug/2017:00:47:33 +0530] "GET / HTTP/1.1" 500 797 "-" "Mozilla/5.0 (X11; Linux x86_64) AppleWebKit/537.36 (KHTML, like Gecko) Ubuntu Chromium/60.0.3112.78 Chrome/60.0.3112.78 Safari/537.36"
::1 - - [22/Aug/2017:00:47:34 +0530] "GET / HTTP/1.1" 500 797 "-" "Mozilla/5.0 (X11; Linux x86_64) AppleWebKit/537.36 (KHTML, like Gecko) Ubuntu Chromium/60.0.3112.78 Chrome/60.0.3112.78 Safari/537.36"
::1 - - [22/Aug/2017:00:47:34 +0530] "GET / HTTP/1.1" 500 797 "-" "Mozilla/5.0 (X11; Linux x86_64) AppleWebKit/537.36 (KHTML, like Gecko) Ubuntu Chromium/60.0.3112.78 Chrome/60.0.3112.78 Safari/537.36"
::1 - - [22/Aug/2017:00:47:34 +0530] "GET / HTTP/1.1" 500 797 "-" "Mozilla/5.0 (X11; Linux x86_64) AppleWebKit/537.36 (KHTML, like Gecko) Ubuntu Chromium/60.0.3112.78 Chrome/60.0.3112.78 Safari/537.36"
::1 - - [22/Aug/2017:00:47:34 +0530] "GET / HTTP/1.1" 500 797 "-" "Mozilla/5.0 (X11; Linux x86_64) AppleWebKit/537.36 (KHTML, like Gecko) Ubuntu Chromium/60.0.3112.78 Chrome/60.0.3112.78 Safari/537.36"
::1 - - [22/Aug/2017:00:47:35 +0530] "GET / HTTP/1.1" 500 797 "-" "Mozilla/5.0 (X11; Linux x86_64) AppleWebKit/537.36 (KHTML, like Gecko) Ubuntu Chromium/60.0.3112.78 Chrome/60.0.3112.78 Safari/537.36"
::1 - - [22/Aug/2017:00:47:36 +0530] "GET / HTTP/1.1" 500 797 "-" "Mozilla/5.0 (X11; Linux x86_64) AppleWebKit/537.36 (KHTML, like Gecko) Ubuntu Chromium/60.0.3112.78 Chrome/60.0.3112.78 Safari/537.36"
::1 - - [22/Aug/2017:00:47:37 +0530] "GET / HTTP/1.1" 500 797 "-" "Mozilla/5.0 (X11; Linux x86_64) AppleWebKit/537.36 (KHTML, like Gecko) Ubuntu Chromium/60.0.3112.78 Chrome/60.0.3112.78 Safari/537.36"
::1 - - [22/Aug/2017:00:47:37 +0530] "GET / HTTP/1.1" 500 797 "-" "Mozilla/5.0 (X11; Linux x86_64) AppleWebKit/537.36 (KHTML, like Gecko) Ubuntu Chromium/60.0.3112.78 Chrome/60.0.3112.78 Safari/537.36"
::1 - - [22/Aug/2017:00:47:37 +0530] "GET / HTTP/1.1" 500 797 "-" "Mozilla/5.0 (X11; Linux x86_64) AppleWebKit/537.36 (KHTML, like Gecko) Ubuntu Chromium/60.0.3112.78 Chrome/60.0.3112.78 Safari/537.36"
::1 - - [22/Aug/2017:00:47:37 +0530] "GET / HTTP/1.1" 500 797 "-" "Mozilla/5.0 (X11; Linux x86_64) AppleWebKit/537.36 (KHTML, like Gecko) Ubuntu Chromium/60.0.3112.78 Chrome/60.0.3112.78 Safari/537.36"
::1 - - [22/Aug/2017:00:47:37 +0530] "GET / HTTP/1.1" 500 797 "-" "Mozilla/5.0 (X11; Linux x86_64) AppleWebKit/537.36 (KHTML, like Gecko) Ubuntu Chromium/60.0.3112.78 Chrome/60.0.3112.78 Safari/537.36"
::1 - - [22/Aug/2017:00:47:38 +0530] "GET / HTTP/1.1" 500 797 "-" "Mozilla/5.0 (X11; Linux x86_64) AppleWebKit/537.36 (KHTML, like Gecko) Ubuntu Chromium/60.0.3112.78 Chrome/60.0.3112.78 Safari/537.36"
::1 - - [22/Aug/2017:15:02:53 +0530] "GET / HTTP/1.1" 500 797 "-" "Mozilla/5.0 (X11; Linux x86_64) AppleWebKit/537.36 (KHTML, like Gecko) Ubuntu Chromium/60.0.3112.78 Chrome/60.0.3112.78 Safari/537.36"
::1 - - [22/Aug/2017:15:02:54 +0530] "GET / HTTP/1.1" 500 797 "-" "Mozilla/5.0 (X11; Linux x86_64) AppleWebKit/537.36 (KHTML, like Gecko) Ubuntu Chromium/60.0.3112.78 Chrome/60.0.3112.78 Safari/537.36"
::1 - - [22/Aug/2017:15:02:54 +0530] "GET / HTTP/1.1" 500 797 "-" "Mozilla/5.0 (X11; Linux x86_64) AppleWebKit/537.36 (KHTML, like Gecko) Ubuntu Chromium/60.0.3112.78 Chrome/60.0.3112.78 Safari/537.36"
::1 - - [22/Aug/2017:15:02:54 +0530] "GET / HTTP/1.1" 500 797 "-" "Mozilla/5.0 (X11; Linux x86_64) AppleWebKit/537.36 (KHTML, like Gecko) Ubuntu Chromium/60.0.3112.78 Chrome/60.0.3112.78 Safari/537.36"
::1 - - [22/Aug/2017:15:02:55 +0530] "GET / HTTP/1.1" 500 797 "-" "Mozilla/5.0 (X11; Linux x86_64) AppleWebKit/537.36 (KHTML, like Gecko) Ubuntu Chromium/60.0.3112.78 Chrome/60.0.3112.78 Safari/537.36"
::1 - - [22/Aug/2017:15:02:55 +0530] "GET / HTTP/1.1" 500 797 "-" "Mozilla/5.0 (X11; Linux x86_64) AppleWebKit/537.36 (KHTML, like Gecko) Ubuntu Chromium/60.0.3112.78 Chrome/60.0.3112.78 Safari/537.36"
::1 - - [22/Aug/2017:15:18:19 +0530] "GET / HTTP/1.1" 500 797 "-" "Mozilla/5.0 (X11; Linux x86_64) AppleWebKit/537.36 (KHTML, like Gecko) Ubuntu Chromium/60.0.3112.78 Chrome/60.0.3112.78 Safari/537.36"
::1 - - [22/Aug/2017:15:18:20 +0530] "GET / HTTP/1.1" 500 797 "-" "Mozilla/5.0 (X11; Linux x86_64) AppleWebKit/537.36 (KHTML, like Gecko) Ubuntu Chromium/60.0.3112.78 Chrome/60.0.3112.78 Safari/537.36"
::1 - - [22/Aug/2017:15:18:20 +0530] "GET / HTTP/1.1" 500 797 "-" "Mozilla/5.0 (X11; Linux x86_64) AppleWebKit/537.36 (KHTML, like Gecko) Ubuntu Chromium/60.0.3112.78 Chrome/60.0.3112.78 Safari/537.36"
::1 - - [22/Aug/2017:15:18:20 +0530] "GET / HTTP/1.1" 500 797 "-" "Mozilla/5.0 (X11; Linux x86_64) AppleWebKit/537.36 (KHTML, like Gecko) Ubuntu Chromium/60.0.3112.78 Chrome/60.0.3112.78 Safari/537.36"
::1 - - [22/Aug/2017:15:18:21 +0530] "GET / HTTP/1.1" 500 797 "-" "Mozilla/5.0 (X11; Linux x86_64) AppleWebKit/537.36 (KHTML, like Gecko) Ubuntu Chromium/60.0.3112.78 Chrome/60.0.3112.78 Safari/537.36"
::1 - - [22/Aug/2017:15:18:21 +0530] "GET / HTTP/1.1" 500 797 "-" "Mozilla/5.0 (X11; Linux x86_64) AppleWebKit/537.36 (KHTML, like Gecko) Ubuntu Chromium/60.0.3112.78 Chrome/60.0.3112.78 Safari/537.36"
::1 - - [22/Aug/2017:15:18:21 +0530] "GET / HTTP/1.1" 500 797 "-" "Mozilla/5.0 (X11; Linux x86_64) AppleWebKit/537.36 (KHTML, like Gecko) Ubuntu Chromium/60.0.3112.78 Chrome/60.0.3112.78 Safari/537.36"
::1 - - [22/Aug/2017:15:18:21 +0530] "GET / HTTP/1.1" 500 797 "-" "Mozilla/5.0 (X11; Linux x86_64) AppleWebKit/537.36 (KHTML, like Gecko) Ubuntu Chromium/60.0.3112.78 Chrome/60.0.3112.78 Safari/537.36"
::1 - - [22/Aug/2017:15:18:21 +0530] "GET / HTTP/1.1" 500 797 "-" "Mozilla/5.0 (X11; Linux x86_64) AppleWebKit/537.36 (KHTML, like Gecko) Ubuntu Chromium/60.0.3112.78 Chrome/60.0.3112.78 Safari/537.36"
::1 - - [22/Aug/2017:15:18:21 +0530] "GET / HTTP/1.1" 500 797 "-" "Mozilla/5.0 (X11; Linux x86_64) AppleWebKit/537.36 (KHTML, like Gecko) Ubuntu Chromium/60.0.3112.78 Chrome/60.0.3112.78 Safari/537.36"
::1 - - [22/Aug/2017:15:18:22 +0530] "GET / HTTP/1.1" 500 797 "-" "Mozilla/5.0 (X11; Linux x86_64) AppleWebKit/537.36 (KHTML, like Gecko) Ubuntu Chromium/60.0.3112.78 Chrome/60.0.3112.78 Safari/537.36"
::1 - - [22/Aug/2017:15:18:22 +0530] "GET / HTTP/1.1" 500 797 "-" "Mozilla/5.0 (X11; Linux x86_64) AppleWebKit/537.36 (KHTML, like Gecko) Ubuntu Chromium/60.0.3112.78 Chrome/60.0.3112.78 Safari/537.36"
::1 - - [22/Aug/2017:15:18:22 +0530] "GET / HTTP/1.1" 500 797 "-" "Mozilla/5.0 (X11; Linux x86_64) AppleWebKit/537.36 (KHTML, like Gecko) Ubuntu Chromium/60.0.3112.78 Chrome/60.0.3112.78 Safari/537.36"
::1 - - [22/Aug/2017:15:18:22 +0530] "GET / HTTP/1.1" 500 797 "-" "Mozilla/5.0 (X11; Linux x86_64) AppleWebKit/537.36 (KHTML, like Gecko) Ubuntu Chromium/60.0.3112.78 Chrome/60.0.3112.78 Safari/537.36"
::1 - - [22/Aug/2017:15:20:19 +0530] "GET / HTTP/1.1" 500 797 "-" "Mozilla/5.0 (X11; Linux x86_64) AppleWebKit/537.36 (KHTML, like Gecko) Ubuntu Chromium/60.0.3112.78 Chrome/60.0.3112.78 Safari/537.36"
::1 - - [22/Aug/2017:15:20:20 +0530] "GET / HTTP/1.1" 500 797 "-" "Mozilla/5.0 (X11; Linux x86_64) AppleWebKit/537.36 (KHTML, like Gecko) Ubuntu Chromium/60.0.3112.78 Chrome/60.0.3112.78 Safari/537.36"
::1 - - [22/Aug/2017:15:20:20 +0530] "GET / HTTP/1.1" 500 797 "-" "Mozilla/5.0 (X11; Linux x86_64) AppleWebKit/537.36 (KHTML, like Gecko) Ubuntu Chromium/60.0.3112.78 Chrome/60.0.3112.78 Safari/537.36"
::1 - - [22/Aug/2017:15:20:20 +0530] "GET / HTTP/1.1" 500 797 "-" "Mozilla/5.0 (X11; Linux x86_64) AppleWebKit/537.36 (KHTML, like Gecko) Ubuntu Chromium/60.0.3112.78 Chrome/60.0.3112.78 Safari/537.36"
::1 - - [22/Aug/2017:15:20:21 +0530] "GET / HTTP/1.1" 500 797 "-" "Mozilla/5.0 (X11; Linux x86_64) AppleWebKit/537.36 (KHTML, like Gecko) Ubuntu Chromium/60.0.3112.78 Chrome/60.0.3112.78 Safari/537.36"
::1 - - [22/Aug/2017:15:20:21 +0530] "GET / HTTP/1.1" 500 797 "-" "Mozilla/5.0 (X11; Linux x86_64) AppleWebKit/537.36 (KHTML, like Gecko) Ubuntu Chromium/60.0.3112.78 Chrome/60.0.3112.78 Safari/537.36"
::1 - - [22/Aug/2017:15:20:21 +0530] "GET / HTTP/1.1" 500 797 "-" "Mozilla/5.0 (X11; Linux x86_64) AppleWebKit/537.36 (KHTML, like Gecko) Ubuntu Chromium/60.0.3112.78 Chrome/60.0.3112.78 Safari/537.36"
::1 - - [22/Aug/2017:15:20:22 +0530] "GET / HTTP/1.1" 500 797 "-" "Mozilla/5.0 (X11; Linux x86_64) AppleWebKit/537.36 (KHTML, like Gecko) Ubuntu Chromium/60.0.3112.78 Chrome/60.0.3112.78 Safari/537.36"
::1 - - [22/Aug/2017:15:22:24 +0530] "GET / HTTP/1.1" 500 797 "-" "Mozilla/5.0 (X11; Linux x86_64) AppleWebKit/537.36 (KHTML, like Gecko) Ubuntu Chromium/60.0.3112.78 Chrome/60.0.3112.78 Safari/537.36"
::1 - - [22/Aug/2017:15:22:25 +0530] "GET / HTTP/1.1" 500 797 "-" "Mozilla/5.0 (X11; Linux x86_64) AppleWebKit/537.36 (KHTML, like Gecko) Ubuntu Chromium/60.0.3112.78 Chrome/60.0.3112.78 Safari/537.36"
::1 - - [22/Aug/2017:15:22:25 +0530] "GET / HTTP/1.1" 500 797 "-" "Mozilla/5.0 (X11; Linux x86_64) AppleWebKit/537.36 (KHTML, like Gecko) Ubuntu Chromium/60.0.3112.78 Chrome/60.0.3112.78 Safari/537.36"
::1 - - [22/Aug/2017:15:22:25 +0530] "GET / HTTP/1.1" 500 797 "-" "Mozilla/5.0 (X11; Linux x86_64) AppleWebKit/537.36 (KHTML, like Gecko) Ubuntu Chromium/60.0.3112.78 Chrome/60.0.3112.78 Safari/537.36"
::1 - - [22/Aug/2017:15:22:25 +0530] "GET / HTTP/1.1" 500 797 "-" "Mozilla/5.0 (X11; Linux x86_64) AppleWebKit/537.36 (KHTML, like Gecko) Ubuntu Chromium/60.0.3112.78 Chrome/60.0.3112.78 Safari/537.36"
::1 - - [22/Aug/2017:15:22:25 +0530] "GET / HTTP/1.1" 500 797 "-" "Mozilla/5.0 (X11; Linux x86_64) AppleWebKit/537.36 (KHTML, like Gecko) Ubuntu Chromium/60.0.3112.78 Chrome/60.0.3112.78 Safari/537.36"
::1 - - [22/Aug/2017:15:22:25 +0530] "GET / HTTP/1.1" 500 797 "-" "Mozilla/5.0 (X11; Linux x86_64) AppleWebKit/537.36 (KHTML, like Gecko) Ubuntu Chromium/60.0.3112.78 Chrome/60.0.3112.78 Safari/537.36"
::1 - - [22/Aug/2017:15:22:26 +0530] "GET / HTTP/1.1" 500 797 "-" "Mozilla/5.0 (X11; Linux x86_64) AppleWebKit/537.36 (KHTML, like Gecko) Ubuntu Chromium/60.0.3112.78 Chrome/60.0.3112.78 Safari/537.36"
::1 - - [22/Aug/2017:15:22:26 +0530] "GET / HTTP/1.1" 500 797 "-" "Mozilla/5.0 (X11; Linux x86_64) AppleWebKit/537.36 (KHTML, like Gecko) Ubuntu Chromium/60.0.3112.78 Chrome/60.0.3112.78 Safari/537.36"
::1 - - [22/Aug/2017:15:24:03 +0530] "GET / HTTP/1.1" 500 797 "-" "Mozilla/5.0 (X11; Linux x86_64) AppleWebKit/537.36 (KHTML, like Gecko) Ubuntu Chromium/60.0.3112.78 Chrome/60.0.3112.78 Safari/537.36"
::1 - - [22/Aug/2017:15:24:04 +0530] "GET / HTTP/1.1" 500 797 "-" "Mozilla/5.0 (X11; Linux x86_64) AppleWebKit/537.36 (KHTML, like Gecko) Ubuntu Chromium/60.0.3112.78 Chrome/60.0.3112.78 Safari/537.36"
::1 - - [22/Aug/2017:15:24:05 +0530] "GET / HTTP/1.1" 500 797 "-" "Mozilla/5.0 (X11; Linux x86_64) AppleWebKit/537.36 (KHTML, like Gecko) Ubuntu Chromium/60.0.3112.78 Chrome/60.0.3112.78 Safari/537.36"
::1 - - [22/Aug/2017:15:24:05 +0530] "GET / HTTP/1.1" 500 797 "-" "Mozilla/5.0 (X11; Linux x86_64) AppleWebKit/537.36 (KHTML, like Gecko) Ubuntu Chromium/60.0.3112.78 Chrome/60.0.3112.78 Safari/537.36"
::1 - - [22/Aug/2017:15:24:05 +0530] "GET / HTTP/1.1" 500 797 "-" "Mozilla/5.0 (X11; Linux x86_64) AppleWebKit/537.36 (KHTML, like Gecko) Ubuntu Chromium/60.0.3112.78 Chrome/60.0.3112.78 Safari/537.36"
::1 - - [22/Aug/2017:15:24:05 +0530] "GET / HTTP/1.1" 500 797 "-" "Mozilla/5.0 (X11; Linux x86_64) AppleWebKit/537.36 (KHTML, like Gecko) Ubuntu Chromium/60.0.3112.78 Chrome/60.0.3112.78 Safari/537.36"
::1 - - [22/Aug/2017:15:24:06 +0530] "GET / HTTP/1.1" 500 797 "-" "Mozilla/5.0 (X11; Linux x86_64) AppleWebKit/537.36 (KHTML, like Gecko) Ubuntu Chromium/60.0.3112.78 Chrome/60.0.3112.78 Safari/537.36"
::1 - - [22/Aug/2017:15:24:06 +0530] "GET / HTTP/1.1" 500 797 "-" "Mozilla/5.0 (X11; Linux x86_64) AppleWebKit/537.36 (KHTML, like Gecko) Ubuntu Chromium/60.0.3112.78 Chrome/60.0.3112.78 Safari/537.36"
::1 - - [22/Aug/2017:15:24:06 +0530] "GET / HTTP/1.1" 500 797 "-" "Mozilla/5.0 (X11; Linux x86_64) AppleWebKit/537.36 (KHTML, like Gecko) Ubuntu Chromium/60.0.3112.78 Chrome/60.0.3112.78 Safari/537.36"
::1 - - [22/Aug/2017:15:24:40 +0530] "GET / HTTP/1.1" 500 797 "-" "Mozilla/5.0 (X11; Linux x86_64) AppleWebKit/537.36 (KHTML, like Gecko) Ubuntu Chromium/60.0.3112.78 Chrome/60.0.3112.78 Safari/537.36"
::1 - - [22/Aug/2017:15:24:40 +0530] "GET / HTTP/1.1" 500 797 "-" "Mozilla/5.0 (X11; Linux x86_64) AppleWebKit/537.36 (KHTML, like Gecko) Ubuntu Chromium/60.0.3112.78 Chrome/60.0.3112.78 Safari/537.36"
::1 - - [22/Aug/2017:15:24:40 +0530] "GET / HTTP/1.1" 500 797 "-" "Mozilla/5.0 (X11; Linux x86_64) AppleWebKit/537.36 (KHTML, like Gecko) Ubuntu Chromium/60.0.3112.78 Chrome/60.0.3112.78 Safari/537.36"
::1 - - [22/Aug/2017:15:24:41 +0530] "GET / HTTP/1.1" 500 797 "-" "Mozilla/5.0 (X11; Linux x86_64) AppleWebKit/537.36 (KHTML, like Gecko) Ubuntu Chromium/60.0.3112.78 Chrome/60.0.3112.78 Safari/537.36"
::1 - - [22/Aug/2017:15:24:41 +0530] "GET / HTTP/1.1" 500 797 "-" "Mozilla/5.0 (X11; Linux x86_64) AppleWebKit/537.36 (KHTML, like Gecko) Ubuntu Chromium/60.0.3112.78 Chrome/60.0.3112.78 Safari/537.36"
::1 - - [22/Aug/2017:15:24:41 +0530] "GET / HTTP/1.1" 500 797 "-" "Mozilla/5.0 (X11; Linux x86_64) AppleWebKit/537.36 (KHTML, like Gecko) Ubuntu Chromium/60.0.3112.78 Chrome/60.0.3112.78 Safari/537.36"
::1 - - [22/Aug/2017:15:24:41 +0530] "GET / HTTP/1.1" 500 797 "-" "Mozilla/5.0 (X11; Linux x86_64) AppleWebKit/537.36 (KHTML, like Gecko) Ubuntu Chromium/60.0.3112.78 Chrome/60.0.3112.78 Safari/537.36"
::1 - - [22/Aug/2017:15:24:41 +0530] "GET / HTTP/1.1" 500 797 "-" "Mozilla/5.0 (X11; Linux x86_64) AppleWebKit/537.36 (KHTML, like Gecko) Ubuntu Chromium/60.0.3112.78 Chrome/60.0.3112.78 Safari/537.36"
::1 - - [22/Aug/2017:15:24:41 +0530] "GET / HTTP/1.1" 500 797 "-" "Mozilla/5.0 (X11; Linux x86_64) AppleWebKit/537.36 (KHTML, like Gecko) Ubuntu Chromium/60.0.3112.78 Chrome/60.0.3112.78 Safari/537.36"
::1 - - [22/Aug/2017:15:24:42 +0530] "GET / HTTP/1.1" 500 797 "-" "Mozilla/5.0 (X11; Linux x86_64) AppleWebKit/537.36 (KHTML, like Gecko) Ubuntu Chromium/60.0.3112.78 Chrome/60.0.3112.78 Safari/537.36"
::1 - - [22/Aug/2017:15:24:42 +0530] "GET / HTTP/1.1" 500 797 "-" "Mozilla/5.0 (X11; Linux x86_64) AppleWebKit/537.36 (KHTML, like Gecko) Ubuntu Chromium/60.0.3112.78 Chrome/60.0.3112.78 Safari/537.36"
::1 - - [22/Aug/2017:15:24:42 +0530] "GET / HTTP/1.1" 500 797 "-" "Mozilla/5.0 (X11; Linux x86_64) AppleWebKit/537.36 (KHTML, like Gecko) Ubuntu Chromium/60.0.3112.78 Chrome/60.0.3112.78 Safari/537.36"
::1 - - [22/Aug/2017:15:24:42 +0530] "GET / HTTP/1.1" 500 797 "-" "Mozilla/5.0 (X11; Linux x86_64) AppleWebKit/537.36 (KHTML, like Gecko) Ubuntu Chromium/60.0.3112.78 Chrome/60.0.3112.78 Safari/537.36"
::1 - - [22/Aug/2017:15:24:42 +0530] "GET / HTTP/1.1" 500 797 "-" "Mozilla/5.0 (X11; Linux x86_64) AppleWebKit/537.36 (KHTML, like Gecko) Ubuntu Chromium/60.0.3112.78 Chrome/60.0.3112.78 Safari/537.36"
